<?xml version="1.0" encoding="UTF-8"?>
<coverage generated="1711809204278" clover="3.2.0">
  <project timestamp="1711809204278" name="All files">
    <metrics statements="27" coveredstatements="26" conditionals="6" coveredconditionals="5" methods="10" coveredmethods="10" elements="43" coveredelements="41" complexity="0" loc="27" ncloc="27" packages="1" files="1" classes="1"/>
    <file name="main.js" path="C:\Users\Toshiba\Desktop\ODIN PROJECT\FULL-STACK JAVASCRIPT\JAVASCRIPT\Odin-testing-practice\main.js">
      <metrics statements="27" coveredstatements="26" conditionals="6" coveredconditionals="5" methods="10" coveredmethods="10"/>
      <line num="2" count="1" type="stmt"/>
      <line num="5" count="1" type="stmt"/>
      <line num="6" count="1" type="stmt"/>
      <line num="7" count="1" type="stmt"/>
      <line num="10" count="1" type="stmt"/>
      <line num="11" count="1" type="stmt"/>
      <line num="14" count="1" type="stmt"/>
      <line num="15" count="1" type="stmt"/>
      <line num="16" count="1" type="stmt"/>
      <line num="17" count="1" type="stmt"/>
      <line num="18" count="1" type="stmt"/>
      <line num="21" count="1" type="stmt"/>
      <line num="22" count="4" type="stmt"/>
      <line num="23" count="4" type="stmt"/>
      <line num="24" count="13" type="stmt"/>
      <line num="25" count="13" type="cond" truecount="4" falsecount="0"/>
      <line num="26" count="1" type="stmt"/>
      <line num="27" count="12" type="cond" truecount="1" falsecount="1"/>
      <line num="28" count="0" type="stmt"/>
      <line num="30" count="12" type="stmt"/>
      <line num="35" count="1" type="stmt"/>
      <line num="36" count="8" type="stmt"/>
      <line num="37" count="2" type="stmt"/>
      <line num="38" count="2" type="stmt"/>
      <line num="39" count="2" type="stmt"/>
      <line num="40" count="2" type="stmt"/>
      <line num="43" count="1" type="stmt"/>
    </file>
  </project>
</coverage>
