{"C:\\Users\\Toshiba\\Desktop\\ODIN PROJECT\\FULL-STACK JAVASCRIPT\\JAVASCRIPT\\Odin-testing-practice\\main.js": {"path":"C:\\Users\\Toshiba\\Desktop\\ODIN PROJECT\\FULL-STACK JAVASCRIPT\\JAVASCRIPT\\Odin-testing-practice\\main.js","statementMap":{"0":{"start":{"line":2,"column":4},"end":{"line":2,"column":17}},"1":{"start":{"line":5,"column":19},"end":{"line":8,"column":1}},"2":{"start":{"line":6,"column":17},"end":{"line":6,"column":74}},"3":{"start":{"line":7,"column":4},"end":{"line":7,"column":18}},"4":{"start":{"line":10,"column":22},"end":{"line":12,"column":1}},"5":{"start":{"line":11,"column":4},"end":{"line":11,"column":47}},"6":{"start":{"line":14,"column":19},"end":{"line":19,"column":1}},"7":{"start":{"line":15,"column":21},"end":{"line":15,"column":26}},"8":{"start":{"line":16,"column":20},"end":{"line":16,"column":25}},"9":{"start":{"line":17,"column":20},"end":{"line":17,"column":25}},"10":{"start":{"line":18,"column":20},"end":{"line":18,"column":25}},"11":{"start":{"line":21,"column":21},"end":{"line":33,"column":1}},"12":{"start":{"line":22,"column":17},"end":{"line":22,"column":19}},"13":{"start":{"line":23,"column":4},"end":{"line":32,"column":5}},"14":{"start":{"line":23,"column":17},"end":{"line":23,"column":18}},"15":{"start":{"line":24,"column":21},"end":{"line":24,"column":43}},"16":{"start":{"line":25,"column":8},"end":{"line":31,"column":9}},"17":{"start":{"line":26,"column":12},"end":{"line":26,"column":57}},"18":{"start":{"line":27,"column":15},"end":{"line":31,"column":9}},"19":{"start":{"line":28,"column":12},"end":{"line":28,"column":57}},"20":{"start":{"line":30,"column":12},"end":{"line":30,"column":32}},"21":{"start":{"line":35,"column":21},"end":{"line":41,"column":1}},"22":{"start":{"line":36,"column":18},"end":{"line":36,"column":71}},"23":{"start":{"line":36,"column":44},"end":{"line":36,"column":53}},"24":{"start":{"line":37,"column":14},"end":{"line":37,"column":32}},"25":{"start":{"line":38,"column":14},"end":{"line":38,"column":32}},"26":{"start":{"line":39,"column":17},"end":{"line":39,"column":29}},"27":{"start":{"line":40,"column":4},"end":{"line":40,"column":35}},"28":{"start":{"line":43,"column":0},"end":{"line":43,"column":86}}},"fnMap":{"0":{"name":"sum","decl":{"start":{"line":1,"column":9},"end":{"line":1,"column":12}},"loc":{"start":{"line":1,"column":18},"end":{"line":3,"column":1}},"line":1},"1":{"name":"(anonymous_1)","decl":{"start":{"line":5,"column":19},"end":{"line":5,"column":20}},"loc":{"start":{"line":5,"column":29},"end":{"line":8,"column":1}},"line":5},"2":{"name":"(anonymous_2)","decl":{"start":{"line":10,"column":22},"end":{"line":10,"column":23}},"loc":{"start":{"line":10,"column":34},"end":{"line":12,"column":1}},"line":10},"3":{"name":"(anonymous_3)","decl":{"start":{"line":15,"column":11},"end":{"line":15,"column":12}},"loc":{"start":{"line":15,"column":21},"end":{"line":15,"column":26}},"line":15},"4":{"name":"(anonymous_4)","decl":{"start":{"line":16,"column":10},"end":{"line":16,"column":11}},"loc":{"start":{"line":16,"column":20},"end":{"line":16,"column":25}},"line":16},"5":{"name":"(anonymous_5)","decl":{"start":{"line":17,"column":10},"end":{"line":17,"column":11}},"loc":{"start":{"line":17,"column":20},"end":{"line":17,"column":25}},"line":17},"6":{"name":"(anonymous_6)","decl":{"start":{"line":18,"column":10},"end":{"line":18,"column":11}},"loc":{"start":{"line":18,"column":20},"end":{"line":18,"column":25}},"line":18},"7":{"name":"(anonymous_7)","decl":{"start":{"line":21,"column":21},"end":{"line":21,"column":22}},"loc":{"start":{"line":21,"column":33},"end":{"line":33,"column":1}},"line":21},"8":{"name":"(anonymous_8)","decl":{"start":{"line":35,"column":21},"end":{"line":35,"column":22}},"loc":{"start":{"line":35,"column":32},"end":{"line":41,"column":1}},"line":35},"9":{"name":"(anonymous_9)","decl":{"start":{"line":36,"column":31},"end":{"line":36,"column":32}},"loc":{"start":{"line":36,"column":44},"end":{"line":36,"column":53}},"line":36}},"branchMap":{"0":{"loc":{"start":{"line":25,"column":8},"end":{"line":31,"column":9}},"type":"if","locations":[{"start":{"line":25,"column":8},"end":{"line":31,"column":9}},{"start":{"line":27,"column":15},"end":{"line":31,"column":9}}],"line":25},"1":{"loc":{"start":{"line":25,"column":13},"end":{"line":25,"column":41}},"type":"binary-expr","locations":[{"start":{"line":25,"column":13},"end":{"line":25,"column":25}},{"start":{"line":25,"column":29},"end":{"line":25,"column":41}}],"line":25},"2":{"loc":{"start":{"line":27,"column":15},"end":{"line":31,"column":9}},"type":"if","locations":[{"start":{"line":27,"column":15},"end":{"line":31,"column":9}},{"start":{"line":29,"column":15},"end":{"line":31,"column":9}}],"line":27}},"s":{"0":1,"1":1,"2":1,"3":1,"4":1,"5":1,"6":1,"7":1,"8":1,"9":1,"10":1,"11":1,"12":4,"13":4,"14":4,"15":13,"16":13,"17":1,"18":12,"19":0,"20":12,"21":1,"22":2,"23":8,"24":2,"25":2,"26":2,"27":2,"28":1},"f":{"0":1,"1":1,"2":1,"3":1,"4":1,"5":1,"6":1,"7":4,"8":2,"9":8},"b":{"0":[1,12],"1":[13,12],"2":[0,12]},"_coverageSchema":"1a1c01bbd47fc00a2c39e90264f33305004495a9","hash":"216a45cfa97cf19c30d7ab06aea3efe943d46e81"}
}
