TN:
SF:main.js
FN:1,sum
FN:5,(anonymous_1)
FN:10,(anonymous_2)
FN:15,(anonymous_3)
FN:16,(anonymous_4)
FN:17,(anonymous_5)
FN:18,(anonymous_6)
FN:21,(anonymous_7)
FN:35,(anonymous_8)
FN:36,(anonymous_9)
FNF:10
FNH:10
FNDA:1,sum
FNDA:1,(anonymous_1)
FNDA:1,(anonymous_2)
FNDA:1,(anonymous_3)
FNDA:1,(anonymous_4)
FNDA:1,(anonymous_5)
FNDA:1,(anonymous_6)
FNDA:4,(anonymous_7)
FNDA:2,(anonymous_8)
FNDA:8,(anonymous_9)
DA:2,1
DA:5,1
DA:6,1
DA:7,1
DA:10,1
DA:11,1
DA:14,1
DA:15,1
DA:16,1
DA:17,1
DA:18,1
DA:21,1
DA:22,4
DA:23,4
DA:24,13
DA:25,13
DA:26,1
DA:27,12
DA:28,0
DA:30,12
DA:35,1
DA:36,8
DA:37,2
DA:38,2
DA:39,2
DA:40,2
DA:43,1
LF:27
LH:26
BRDA:25,0,0,1
BRDA:25,0,1,12
BRDA:25,1,0,13
BRDA:25,1,1,12
BRDA:27,2,0,0
BRDA:27,2,1,12
BRF:6
BRH:5
end_of_record
